============================= test session starts ==============================
platform darwin -- Python 3.11.13, pytest-8.4.1, pluggy-1.6.0 -- /opt/homebrew/opt/python@3.11/bin/python3.11
cachedir: .pytest_cache
rootdir: /Users/luismartins/local_repos/3d-ddf
configfile: pytest.ini
plugins: langsmith-0.4.6, anyio-4.9.0, asyncio-1.1.0
asyncio: mode=Mode.STRICT, asyncio_default_fixture_loop_scope=None, asyncio_default_test_loop_scope=function
collecting ... collected 238 items / 28 deselected / 210 selected

tests/explosions/test_explosion_system.py::TestExplosionConfig::test_default_config PASSED [  0%]
tests/explosions/test_explosion_system.py::TestExplosionConfig::test_from_preset PASSED [  0%]
tests/explosions/test_explosion_system.py::TestExplosionConfig::test_quality_preset_application PASSED [  1%]
tests/explosions/test_explosion_system.py::TestExplosionMaterials::test_material_caching PASSED [  1%]
tests/explosions/test_explosion_system.py::TestExplosionMaterials::test_material_creation PASSED [  2%]
tests/explosions/test_explosion_system.py::TestExplosionCreation::test_clear_existing PASSED [  2%]
tests/explosions/test_explosion_system.py::TestExplosionCreation::test_create_sequence_simulated FAILED [  3%]
tests/explosions/test_explosion_system.py::TestExplosionCreation::test_lod_application PASSED [  3%]
tests/explosions/test_explosion_system.py::TestAnimation::test_animate_explosion PASSED [  4%]
tests/explosions/test_explosion_system.py::TestPresets::test_get_preset_config PASSED [  4%]
tests/explosions/test_explosion_system.py::TestPresets::test_unknown_preset PASSED [  5%]
tests/explosions/test_explosion_system.py::TestMultipleExplosions::test_no_conflicts PASSED [  5%]
tests/explosions/test_explosion_system.py::TestEdgeCases::test_negative_duration PASSED [  6%]
tests/explosions/test_explosion_system.py::TestEdgeCases::test_zero_particles PASSED [  6%]
tests/unit/test_analyze_current_explosions.py::TestAnalyzeCurrentExplosions::test_analyze_current_explosions_function_exists FAILED [  7%]
tests/unit/test_analyze_current_explosions.py::TestAnalyzeCurrentExplosions::test_color_value_formatting PASSED [  7%]
tests/unit/test_analyze_current_explosions.py::TestAnalyzeCurrentExplosions::test_explosion_object_filtering_logic PASSED [  8%]
tests/unit/test_analyze_current_explosions.py::TestAnalyzeCurrentExplosions::test_material_analysis_logic PASSED [  8%]
tests/unit/test_analyze_current_explosions.py::TestAnalyzeCurrentExplosions::test_module_imports FAILED [  9%]
tests/unit/test_analyze_current_explosions.py::TestAnalyzeCurrentExplosions::test_string_operations PASSED [  9%]
tests/unit/test_analyze_current_explosions.py::TestAnalyzeCurrentExplosionsEdgeCases::test_empty_scene_analysis PASSED [ 10%]
tests/unit/test_analyze_current_explosions.py::TestAnalyzeCurrentExplosionsEdgeCases::test_mixed_object_types PASSED [ 10%]
tests/unit/test_analyze_current_explosions.py::TestAnalyzeCurrentExplosionsEdgeCases::test_object_property_formatting PASSED [ 10%]
tests/unit/test_analyze_scripts.py::TestAnalyzeCurrentExplosions::test_string_formatting_operations PASSED [ 11%]
tests/unit/test_analyze_scripts.py::TestAnalyzeExplosionRealism::test_analyze_explosion_realism_structure PASSED [ 11%]
tests/unit/test_analyze_scripts.py::TestAnalyzeExplosionRealism::test_recommendation_logic PASSED [ 12%]
tests/unit/test_check_explosion_objects.py::TestCheckExplosionObjects::test_explosion_detection_logic PASSED [ 12%]
tests/unit/test_check_explosion_objects.py::TestCheckExplosionObjects::test_explosion_object_counting_logic PASSED [ 13%]
tests/unit/test_check_explosion_objects.py::TestCheckExplosionObjects::test_explosion_validation_logic PASSED [ 13%]
tests/unit/test_check_explosion_objects.py::TestCheckExplosionObjects::test_module_imports PASSED [ 14%]
tests/unit/test_check_explosion_objects.py::TestCheckExplosionObjects::test_output_formatting PASSED [ 14%]
tests/unit/test_check_explosion_objects.py::TestCheckExplosionObjectsEdgeCases::test_case_sensitive_matching PASSED [ 15%]
tests/unit/test_check_explosion_objects.py::TestCheckExplosionObjectsEdgeCases::test_empty_scene PASSED [ 15%]
tests/unit/test_check_explosion_objects.py::TestCheckExplosionObjectsEdgeCases::test_mixed_object_types PASSED [ 16%]
tests/unit/test_create_explosion_test_scene.py::TestCreateExplosionTestScene::test_animate_explosion_objects PASSED [ 16%]
tests/unit/test_create_explosion_test_scene.py::TestCreateExplosionTestScene::test_clear_scene PASSED [ 17%]
tests/unit/test_create_explosion_test_scene.py::TestCreateExplosionTestScene::test_create_explosion_objects FAILED [ 17%]
tests/unit/test_create_explosion_test_scene.py::TestCreateExplosionTestScene::test_create_explosion_test_scene PASSED [ 18%]
tests/unit/test_create_explosion_test_scene.py::TestCreateExplosionTestScene::test_create_fire_material FAILED [ 18%]
tests/unit/test_create_explosion_test_scene.py::TestCreateExplosionTestScene::test_create_smoke_material FAILED [ 19%]
tests/unit/test_create_explosion_test_scene.py::TestCreateExplosionTestScene::test_create_test_explosions PASSED [ 19%]
tests/unit/test_create_explosion_test_scene.py::TestCreateExplosionTestScene::test_setup_scene FAILED [ 20%]
tests/unit/test_create_explosion_test_scene.py::TestExplosionTestSceneEdgeCases::test_explosion_objects_at_different_locations FAILED [ 20%]
tests/unit/test_create_explosion_test_scene.py::TestExplosionTestSceneEdgeCases::test_fire_material_with_empty_name FAILED [ 20%]
tests/unit/test_create_explosion_test_scene.py::TestExplosionTestSceneEdgeCases::test_scene_setup_with_custom_frame_range FAILED [ 21%]
tests/unit/test_create_explosion_video.py::TestCreateExplosionVideo::test_configure_render_settings_different_qualities PASSED [ 21%]
tests/unit/test_create_explosion_video.py::TestCreateExplosionVideo::test_create_explosion_showcase_without_system PASSED [ 22%]
tests/unit/test_create_explosion_video.py::TestCreateExplosionVideo::test_encode_frames_to_video PASSED [ 22%]
tests/unit/test_create_explosion_video.py::TestCreateExplosionVideo::test_module_imports PASSED [ 23%]
tests/unit/test_create_explosion_video.py::TestCreateExplosionVideo::test_render_explosion_video PASSED [ 23%]
tests/unit/test_create_explosion_video.py::TestCreateExplosionVideo::test_setup_camera_and_lighting PASSED [ 24%]
tests/unit/test_create_explosion_video.py::TestCreateExplosionVideo::test_setup_scene_basic PASSED [ 24%]
tests/unit/test_create_explosion_video.py::TestExplosionVideoEdgeCases::test_explosion_showcase_with_multiple_configurations PASSED [ 25%]
tests/unit/test_create_explosion_video.py::TestExplosionVideoEdgeCases::test_frame_encoding_with_empty_frames_dir PASSED [ 25%]
tests/unit/test_create_explosion_video.py::TestExplosionVideoEdgeCases::test_render_settings_with_invalid_quality PASSED [ 26%]
tests/unit/test_create_explosion_video.py::TestExplosionVideoEdgeCases::test_video_rendering_with_nonexistent_output_dir PASSED [ 26%]
tests/unit/test_create_explosion_video.py::TestVideoCreationLogicPatterns::test_explosion_positioning_logic PASSED [ 27%]
tests/unit/test_create_explosion_video.py::TestVideoCreationLogicPatterns::test_frame_range_calculation PASSED [ 27%]
tests/unit/test_create_explosion_video.py::TestVideoCreationLogicPatterns::test_material_configuration_logic PASSED [ 28%]
tests/unit/test_create_explosion_video.py::TestVideoCreationLogicPatterns::test_output_path_generation PASSED [ 28%]
tests/unit/test_create_explosion_video.py::TestVideoCreationLogicPatterns::test_quality_settings_mapping PASSED [ 29%]
tests/unit/test_create_improved_realistic_explosions.py::TestCreateImprovedRealisticExplosions::test_clear_existing_explosions FAILED [ 29%]
tests/unit/test_create_improved_realistic_explosions.py::TestCreateImprovedRealisticExplosions::test_create_enhanced_fire_material FAILED [ 30%]
tests/unit/test_create_improved_realistic_explosions.py::TestCreateImprovedRealisticExplosions::test_create_enhanced_smoke_material FAILED [ 30%]
tests/unit/test_create_improved_realistic_explosions.py::TestCreateImprovedRealisticExplosions::test_create_explosion_lighting_setup FAILED [ 30%]
tests/unit/test_create_improved_realistic_explosions.py::TestCreateImprovedRealisticExplosions::test_create_improved_debris_material FAILED [ 31%]
tests/unit/test_create_improved_realistic_explosions.py::TestCreateImprovedRealisticExplosions::test_create_realistic_particle_system FAILED [ 31%]
tests/unit/test_create_improved_realistic_explosions.py::TestCreateImprovedRealisticExplosions::test_create_volume_smoke_effect FAILED [ 32%]
tests/unit/test_create_improved_realistic_explosions.py::TestExplosionCreationScenarios::test_explosion_at_different_locations FAILED [ 32%]
tests/unit/test_create_improved_realistic_explosions.py::TestExplosionCreationScenarios::test_large_scale_explosion FAILED [ 33%]
tests/unit/test_create_improved_realistic_explosions.py::TestExplosionCreationScenarios::test_small_scale_explosion FAILED [ 33%]
tests/unit/test_create_improved_realistic_explosions.py::TestMaterialCreationEdgeCases::test_fire_material_with_zero_intensity FAILED [ 34%]
tests/unit/test_create_improved_realistic_explosions.py::TestMaterialCreationEdgeCases::test_particle_system_with_extreme_counts FAILED [ 34%]
tests/unit/test_create_improved_realistic_explosions.py::TestMaterialCreationEdgeCases::test_smoke_material_with_extreme_density FAILED [ 35%]
tests/unit/test_create_particle_explosions.py::TestCreateParticleExplosions::test_clear_existing_explosions FAILED [ 35%]
tests/unit/test_create_particle_explosions.py::TestCreateParticleExplosions::test_create_explosion_particle_material FAILED [ 36%]
tests/unit/test_create_particle_explosions.py::TestCreateParticleExplosions::test_create_explosion_particle_system FAILED [ 36%]
tests/unit/test_create_particle_explosions.py::TestCreateParticleExplosions::test_create_particle_explosion_sequence FAILED [ 37%]
tests/unit/test_create_particle_explosions.py::TestCreateParticleExplosions::test_module_imports FAILED [ 37%]
tests/unit/test_create_particle_explosions.py::TestParticleExplosionLogicPatterns::test_explosion_object_naming_logic PASSED [ 38%]
tests/unit/test_create_particle_explosions.py::TestParticleExplosionLogicPatterns::test_explosion_timing_logic PASSED [ 38%]
tests/unit/test_create_particle_explosions.py::TestParticleExplosionLogicPatterns::test_material_color_logic PASSED [ 39%]
tests/unit/test_create_particle_explosions.py::TestParticleExplosionLogicPatterns::test_particle_count_scaling_logic PASSED [ 39%]
tests/unit/test_create_particle_explosions.py::TestParticleExplosionLogicPatterns::test_particle_system_configuration_logic FAILED [ 40%]
tests/unit/test_create_particle_explosions.py::TestParticleExplosionEdgeCases::test_explosion_at_extreme_coordinates PASSED [ 40%]
tests/unit/test_create_particle_explosions.py::TestParticleExplosionEdgeCases::test_explosion_at_origin PASSED [ 40%]
tests/unit/test_create_particle_explosions.py::TestParticleExplosionEdgeCases::test_negative_start_frame PASSED [ 41%]
tests/unit/test_create_particle_explosions.py::TestParticleExplosionEdgeCases::test_very_large_particle_count PASSED [ 41%]
tests/unit/test_create_particle_explosions.py::TestParticleExplosionEdgeCases::test_zero_particle_count PASSED [ 42%]
tests/unit/test_explosion_config.py::TestQualityPreset::test_quality_preset_enum_members PASSED [ 42%]
tests/unit/test_explosion_config.py::TestQualityPreset::test_quality_preset_values PASSED [ 43%]
tests/unit/test_explosion_config.py::TestExplosionConfig::test_custom_config_creation PASSED [ 43%]
tests/unit/test_explosion_config.py::TestExplosionConfig::test_default_config_creation PASSED [ 44%]
tests/unit/test_explosion_config.py::TestExplosionConfig::test_default_configs PASSED [ 44%]
tests/unit/test_explosion_config.py::TestExplosionConfig::test_from_preset_method PASSED [ 45%]
tests/unit/test_explosion_config.py::TestExplosionConfig::test_quality_preset_application PASSED [ 45%]
tests/unit/test_explosion_config.py::TestExplosionConfigValidation::test_invalid_particle_counts PASSED [ 46%]
tests/unit/test_explosion_config.py::TestExplosionConfigValidation::test_large_values PASSED [ 46%]
tests/unit/test_explosion_config.py::TestExplosionConfigValidation::test_negative_values PASSED [ 47%]
tests/unit/test_explosion_creation.py::TestExplosionCreation::test_explosion_config_validation FAILED [ 47%]
tests/unit/test_explosion_creation.py::TestExplosionCreation::test_explosion_sequence_different_quality_presets FAILED [ 48%]
tests/unit/test_explosion_creation.py::TestExplosionCreation::test_explosion_sequence_with_custom_config FAILED [ 48%]
tests/unit/test_explosion_creation.py::TestExplosionCreation::test_multiple_explosion_creations FAILED [ 49%]
tests/unit/test_explosion_creation.py::TestExplosionCreationEdgeCases::test_negative_coordinates FAILED [ 49%]
tests/unit/test_explosion_creation.py::TestExplosionCreationEdgeCases::test_very_large_explosion FAILED [ 50%]
tests/unit/test_explosion_creation.py::TestExplosionCreationEdgeCases::test_very_small_explosion FAILED [ 50%]
tests/unit/test_explosion_creation.py::TestExplosionCreationEdgeCases::test_zero_particle_config PASSED [ 50%]
tests/unit/test_fix_explosion_realism.py::TestFixExplosionRealism::test_apply_explosion_lighting FAILED [ 51%]
tests/unit/test_fix_explosion_realism.py::TestFixExplosionRealism::test_clear_all_explosions FAILED [ 51%]
tests/unit/test_fix_explosion_realism.py::TestFixExplosionRealism::test_create_advanced_particle_system FAILED [ 52%]
tests/unit/test_fix_explosion_realism.py::TestFixExplosionRealism::test_create_enhanced_smoke_material PASSED [ 52%]
tests/unit/test_fix_explosion_realism.py::TestFixExplosionRealism::test_create_fire_glow_effect PASSED [ 53%]
tests/unit/test_fix_explosion_realism.py::TestFixExplosionRealism::test_create_realistic_debris_material PASSED [ 53%]
tests/unit/test_fix_explosion_realism.py::TestFixExplosionRealism::test_create_ultra_realistic_fire_material PASSED [ 54%]
tests/unit/test_fix_explosion_realism.py::TestFixExplosionRealism::test_create_volume_explosion_effect PASSED [ 54%]
tests/unit/test_fix_explosion_realism.py::TestFixExplosionRealism::test_fix_particle_system_settings PASSED [ 55%]
tests/unit/test_fix_explosion_realism.py::TestMaterialCreationEdgeCases::test_fire_material_with_extreme_values PASSED [ 55%]
tests/unit/test_fix_explosion_realism.py::TestMaterialCreationEdgeCases::test_material_creation_with_empty_name PASSED [ 56%]
tests/unit/test_fix_explosion_realism.py::TestMaterialCreationEdgeCases::test_particle_system_with_zero_values FAILED [ 56%]
tests/unit/test_materials.py::TestExplosionMaterials::test_different_material_types PASSED [ 57%]
tests/unit/test_materials.py::TestExplosionMaterials::test_initialization PASSED [ 57%]
tests/unit/test_materials.py::TestExplosionMaterials::test_material_caching PASSED [ 58%]
tests/unit/test_materials.py::TestExplosionMaterials::test_material_naming PASSED [ 58%]
tests/unit/test_materials.py::TestExplosionMaterials::test_multiple_material_instances PASSED [ 59%]
tests/unit/test_render_service.py::TestRenderService::test_cancel_job PASSED [ 59%]
tests/unit/test_render_service.py::TestRenderService::test_cancel_nonexistent_job PASSED [ 60%]
tests/unit/test_render_service.py::TestRenderService::test_get_job_status PASSED [ 60%]
tests/unit/test_render_service.py::TestRenderService::test_job_not_found PASSED [ 60%]
tests/unit/test_render_service.py::TestRenderService::test_list_jobs PASSED [ 61%]
tests/unit/test_render_service.py::TestRenderService::test_render_job_creation PASSED [ 61%]
tests/unit/test_render_service.py::TestRenderService::test_render_service_initialization PASSED [ 62%]
tests/unit/test_render_service.py::TestRenderService::test_submit_render_job PASSED [ 62%]
tests/unit/test_render_service.py::TestRenderJob::test_job_progress_tracking PASSED [ 63%]
tests/unit/test_render_service.py::TestRenderJob::test_job_status_transitions PASSED [ 63%]
tests/unit/test_render_service.py::TestRenderJob::test_job_with_different_frame_ranges PASSED [ 64%]
tests/unit/test_render_service_real.py::TestRenderServiceReal::test_apply_material_style_clay FAILED [ 64%]
tests/unit/test_render_service_real.py::TestRenderServiceReal::test_apply_material_style_photorealistic FAILED [ 65%]
tests/unit/test_render_service_real.py::TestRenderServiceReal::test_apply_quality_preset_draft FAILED [ 65%]
tests/unit/test_render_service_real.py::TestRenderServiceReal::test_apply_quality_preset_final FAILED [ 66%]
tests/unit/test_render_service_real.py::TestRenderServiceReal::test_calculate_render_time_estimate_different_frame_counts FAILED [ 66%]
tests/unit/test_render_service_real.py::TestRenderServiceReal::test_calculate_render_time_estimate_different_presets FAILED [ 67%]
tests/unit/test_render_service_real.py::TestRenderServiceReal::test_main_function_exists FAILED [ 67%]
tests/unit/test_render_service_real.py::TestRenderServiceReal::test_material_styles_configuration PASSED [ 68%]
tests/unit/test_render_service_real.py::TestRenderServiceReal::test_parse_args_with_custom_values FAILED [ 68%]
tests/unit/test_render_service_real.py::TestRenderServiceReal::test_parse_args_with_defaults FAILED [ 69%]
tests/unit/test_render_service_real.py::TestRenderServiceReal::test_quality_presets_configuration PASSED [ 69%]
tests/unit/test_render_service_real.py::TestRenderServiceReal::test_setup_output_path_with_frame_number FAILED [ 70%]
tests/unit/test_render_service_real.py::TestRenderServiceReal::test_setup_output_path_with_timestamp FAILED [ 70%]
tests/unit/test_render_service_real.py::TestRenderServiceReal::test_validate_frame_range_invalid FAILED [ 70%]
tests/unit/test_render_service_real.py::TestRenderServiceReal::test_validate_frame_range_valid FAILED [ 71%]
tests/unit/test_render_service_real.py::TestRenderServiceEdgeCases::test_material_style_with_no_objects FAILED [ 71%]
tests/unit/test_render_service_real.py::TestRenderServiceEdgeCases::test_negative_frame_numbers FAILED [ 72%]
tests/unit/test_render_service_real.py::TestRenderServiceEdgeCases::test_very_large_frame_counts FAILED [ 72%]
tests/unit/test_render_service_real.py::TestRenderServiceEdgeCases::test_zero_frame_range_handling FAILED [ 73%]
tests/unit/test_utility_scripts.py::TestGenerateReport::test_generate_report_basic PASSED [ 73%]
tests/unit/test_utility_scripts.py::TestGenerateReport::test_generate_report_output_file_creation FAILED [ 74%]
tests/unit/test_utility_scripts.py::TestFileOperations::test_path_operations PASSED [ 74%]
tests/unit/test_validate_file_sizes.py::TestSizeIssue::test_size_issue_creation PASSED [ 75%]
tests/unit/test_validate_file_sizes.py::TestSizeIssue::test_size_issue_string_representation PASSED [ 75%]
tests/unit/test_validate_file_sizes.py::TestSizeIssue::test_size_issue_warning_string_representation PASSED [ 76%]
tests/unit/test_validate_file_sizes.py::TestGetFileSizeMb::test_get_file_size_mb_empty_file PASSED [ 76%]
tests/unit/test_validate_file_sizes.py::TestGetFileSizeMb::test_get_file_size_mb_larger_file PASSED [ 77%]
tests/unit/test_validate_file_sizes.py::TestGetFileSizeMb::test_get_file_size_mb_small_file PASSED [ 77%]
tests/unit/test_validate_file_sizes.py::TestCheckFileSizes::test_check_file_sizes_empty_directory PASSED [ 78%]
tests/unit/test_validate_file_sizes.py::TestCheckFileSizes::test_check_file_sizes_excludes_git_directory PASSED [ 78%]
tests/unit/test_validate_file_sizes.py::TestCheckFileSizes::test_check_file_sizes_excludes_pycache_directory PASSED [ 79%]
tests/unit/test_validate_file_sizes.py::TestCheckFileSizes::test_check_file_sizes_with_empty_file PASSED [ 79%]
tests/unit/test_validate_file_sizes.py::TestCheckFileSizes::test_check_file_sizes_with_large_files PASSED [ 80%]
tests/unit/test_validate_file_sizes.py::TestCheckFileSizes::test_check_file_sizes_with_small_files PASSED [ 80%]
tests/unit/test_validate_file_sizes.py::TestPrintResults::test_print_results_mixed_issues PASSED [ 80%]
tests/unit/test_validate_file_sizes.py::TestPrintResults::test_print_results_no_issues PASSED [ 81%]
tests/unit/test_validate_file_sizes.py::TestPrintResults::test_print_results_with_errors PASSED [ 81%]
tests/unit/test_validate_file_sizes.py::TestPrintResults::test_print_results_with_warnings_only PASSED [ 82%]
tests/unit/test_validate_file_sizes.py::TestFileSizeValidationEdgeCases::test_file_size_boundary_values FAILED [ 82%]
tests/unit/test_validate_file_sizes.py::TestFileSizeValidationEdgeCases::test_file_size_with_special_characters PASSED [ 83%]
tests/unit/test_validate_file_sizes.py::TestFileSizeValidationEdgeCases::test_file_size_with_unicode_names PASSED [ 83%]
tests/unit/test_validate_file_sizes.py::TestFileSizeValidationEdgeCases::test_multiple_large_files PASSED [ 84%]
tests/unit/test_validate_json.py::TestJSONError::test_json_error_creation PASSED [ 84%]
tests/unit/test_validate_json.py::TestJSONError::test_json_error_string_representation PASSED [ 85%]
tests/unit/test_validate_json.py::TestFindJsonFiles::test_find_json_files_empty_directory PASSED [ 85%]
tests/unit/test_validate_json.py::TestFindJsonFiles::test_find_json_files_excludes_git_directory PASSED [ 86%]
tests/unit/test_validate_json.py::TestFindJsonFiles::test_find_json_files_excludes_pycache_directory PASSED [ 86%]
tests/unit/test_validate_json.py::TestFindJsonFiles::test_find_json_files_with_json_files PASSED [ 87%]
tests/unit/test_validate_json.py::TestValidateJsonSyntax::test_validate_json_syntax_empty_file PASSED [ 87%]
tests/unit/test_validate_json.py::TestValidateJsonSyntax::test_validate_json_syntax_invalid_json PASSED [ 88%]
tests/unit/test_validate_json.py::TestValidateJsonSyntax::test_validate_json_syntax_nonexistent_file PASSED [ 88%]
tests/unit/test_validate_json.py::TestValidateJsonSyntax::test_validate_json_syntax_valid_json PASSED [ 89%]
tests/unit/test_validate_json.py::TestValidateJsonSchema::test_validate_json_schema_invalid_schema FAILED [ 89%]
tests/unit/test_validate_json.py::TestValidateJsonSchema::test_validate_json_schema_no_schema PASSED [ 90%]
tests/unit/test_validate_json.py::TestValidateJsonSchema::test_validate_json_schema_valid_schema FAILED [ 90%]
tests/unit/test_validate_json.py::TestValidateMetadataConsistency::test_validate_metadata_consistency_missing_exports PASSED [ 90%]
tests/unit/test_validate_json.py::TestValidateMetadataConsistency::test_validate_metadata_consistency_missing_file PASSED [ 91%]
tests/unit/test_validate_json.py::TestValidateMetadataConsistency::test_validate_metadata_consistency_non_metadata_file PASSED [ 91%]
tests/unit/test_validate_json.py::TestValidateMetadataConsistency::test_validate_metadata_consistency_valid_metadata PASSED [ 92%]
tests/unit/test_validate_json.py::TestValidateAllJson::test_validate_all_json_empty_directory PASSED [ 92%]
tests/unit/test_validate_json.py::TestValidateAllJson::test_validate_all_json_mixed_files PASSED [ 93%]
tests/unit/test_validate_json.py::TestPrintResults::test_print_results_no_errors PASSED [ 93%]
tests/unit/test_validate_json.py::TestPrintResults::test_print_results_with_errors PASSED [ 94%]
tests/unit/test_validation_scripts.py::TestValidationError::test_validation_error_creation PASSED [ 94%]
tests/unit/test_validation_scripts.py::TestValidationError::test_validation_error_string_representation PASSED [ 95%]
tests/unit/test_validation_scripts.py::TestValidationError::test_validation_error_without_fix PASSED [ 95%]
tests/unit/test_validation_scripts.py::TestTaxonomyValidation::test_validate_documentation_empty_directory PASSED [ 96%]
tests/unit/test_validation_scripts.py::TestTaxonomyValidation::test_validate_documentation_with_proper_structure PASSED [ 96%]
tests/unit/test_validation_scripts.py::TestTaxonomyValidation::test_validate_export_naming_no_exports PASSED [ 97%]
tests/unit/test_validation_scripts.py::TestTaxonomyValidation::test_validate_export_naming_with_project_structure PASSED [ 97%]
tests/unit/test_validation_scripts.py::TestLinkValidation::test_link_error_creation PASSED [ 98%]
tests/unit/test_validation_scripts.py::TestLinkValidation::test_validate_links_no_markdown_files PASSED [ 98%]
tests/unit/test_validation_scripts.py::TestLinkValidation::test_validate_links_with_markdown_structure PASSED [ 99%]
tests/unit/test_validation_scripts.py::TestDocsValidation::test_validate_docs_empty_directory PASSED [ 99%]
tests/unit/test_validation_scripts.py::TestDocsValidation::test_validate_docs_with_valid_structure PASSED [100%]

=================================== FAILURES ===================================
_____________ TestExplosionCreation.test_create_sequence_simulated _____________
tests/explosions/test_explosion_system.py:83: in test_create_sequence_simulated
    objects = create_explosion_sequence(self.config)
              ^^^^^^^^^^^^^^^^^^^^^^^^^^^^^^^^^^^^^^
scripts/explosions/create_production_explosion.py:151: in create_explosion_sequence
    fire_objects = create_fire_particles(config, materials)
                   ^^^^^^^^^^^^^^^^^^^^^^^^^^^^^^^^^^^^^^^^
scripts/explosions/create_production_explosion.py:191: in create_fire_particles
    mesh = bpy.data.meshes.new(f"Fire_Particle_{i}")
           ^^^^^^^^^^^^^^^^^^^^^^^^^^^^^^^^^^^^^^^^^
tests/mocks/mock_bpy.py:287: in meshes_new
    return self.meshes.new(name)
           ^^^^^^^^^^^^^^^^^^^^^
tests/mocks/mock_bpy.py:287: in meshes_new
    return self.meshes.new(name)
           ^^^^^^^^^^^^^^^^^^^^^
E   RecursionError: maximum recursion depth exceeded
!!! Recursion detected (same locals & position)
----------------------------- Captured stdout call -----------------------------
üí• Creating explosion: TestExplosion
üìç Location: (0.0, 0.0, 0.0)
‚è±Ô∏è  Duration: 60 frames
üé® Quality: medium
üîß LOD applied: 1.00 (particles reduced for distance)
_ TestAnalyzeCurrentExplosions.test_analyze_current_explosions_function_exists _
tests/unit/test_analyze_current_explosions.py:93: in test_analyze_current_explosions_function_exists
    self.assertTrue(callable(getattr(analyze_current_explosions, 'analyze_current_explosions', None)))
                                     ^^^^^^^^^^^^^^^^^^^^^^^^^^
E   NameError: name 'analyze_current_explosions' is not defined
_______________ TestAnalyzeCurrentExplosions.test_module_imports _______________
tests/unit/test_analyze_current_explosions.py:88: in test_module_imports
    self.assertTrue(hasattr(analyze_current_explosions, 'analyze_current_explosions'))
                            ^^^^^^^^^^^^^^^^^^^^^^^^^^
E   NameError: name 'analyze_current_explosions' is not defined
__________ TestCreateExplosionTestScene.test_create_explosion_objects __________
tests/unit/test_create_explosion_test_scene.py:264: in test_create_explosion_objects
    objects = create_explosion_test_scene.create_explosion_objects(
scripts/create_explosion_test_scene.py:195: in create_explosion_objects
    fire_mat = create_fire_material(name)
               ^^^^^^^^^^^^^^^^^^^^^^^^^^
scripts/create_explosion_test_scene.py:103: in create_fire_material
    color_ramp.color_ramp.elements[0].color = (1.0, 0.0, 0.0, 1.0)  # Red
    ^^^^^^^^^^^^^^^^^^^^^^^^^^^^^^^^^
E   TypeError: 'Mock' object is not subscriptable
----------------------------- Captured stdout call -----------------------------
   Creating explosion objects at (0, 0, 0)
____________ TestCreateExplosionTestScene.test_create_fire_material ____________
tests/unit/test_create_explosion_test_scene.py:211: in test_create_fire_material
    result = create_explosion_test_scene.create_fire_material("test")
             ^^^^^^^^^^^^^^^^^^^^^^^^^^^^^^^^^^^^^^^^^^^^^^^^^^^^^^^^
scripts/create_explosion_test_scene.py:103: in create_fire_material
    color_ramp.color_ramp.elements[0].color = (1.0, 0.0, 0.0, 1.0)  # Red
    ^^^^^^^^^^^^^^^^^^^^^
E   AttributeError: 'MockNode' object has no attribute 'color_ramp'
___________ TestCreateExplosionTestScene.test_create_smoke_material ____________
tests/unit/test_create_explosion_test_scene.py:236: in test_create_smoke_material
    result = create_explosion_test_scene.create_smoke_material("test")
             ^^^^^^^^^^^^^^^^^^^^^^^^^^^^^^^^^^^^^^^^^^^^^^^^^^^^^^^^^
scripts/create_explosion_test_scene.py:154: in create_smoke_material
    emission.inputs['Color'].default_value = (0.3, 0.3, 0.3, 1.0)  # Gray
    ^^^^^^^^^^^^^^^^^^^^^^^^
E   TypeError: 'MockNodeInputs' object is not subscriptable
________________ TestCreateExplosionTestScene.test_setup_scene _________________
tests/unit/test_create_explosion_test_scene.py:181: in test_setup_scene
    create_explosion_test_scene.setup_scene()
scripts/create_explosion_test_scene.py:71: in setup_scene
    bsdf.inputs['Base Color'].default_value = (0.2, 0.2, 0.2, 1.0)
    ^^^^^^^^^^^^^^^^^^^^^^^^^
E   TypeError: 'Mock' object is not subscriptable
----------------------------- Captured stdout call -----------------------------

üé¨ Setting up test scene...
_ TestExplosionTestSceneEdgeCases.test_explosion_objects_at_different_locations _
tests/unit/test_create_explosion_test_scene.py:410: in test_explosion_objects_at_different_locations
    objects = create_explosion_test_scene.create_explosion_objects(
scripts/create_explosion_test_scene.py:177: in create_explosion_objects
    bpy.ops.mesh.primitive_uv_sphere_add(radius=0.3, location=location)
E   TypeError: TestExplosionTestSceneEdgeCases.test_explosion_objects_at_different_locations.<locals>.mock_sphere_add() got an unexpected keyword argument 'radius'
----------------------------- Captured stdout call -----------------------------
   Creating explosion objects at (0, 0, 0)
______ TestExplosionTestSceneEdgeCases.test_fire_material_with_empty_name ______
tests/unit/test_create_explosion_test_scene.py:374: in test_fire_material_with_empty_name
    result = create_explosion_test_scene.create_fire_material("")
             ^^^^^^^^^^^^^^^^^^^^^^^^^^^^^^^^^^^^^^^^^^^^^^^^^^^^
scripts/create_explosion_test_scene.py:103: in create_fire_material
    color_ramp.color_ramp.elements[0].color = (1.0, 0.0, 0.0, 1.0)  # Red
    ^^^^^^^^^^^^^^^^^^^^^
E   AttributeError: 'MockNode' object has no attribute 'color_ramp'
___ TestExplosionTestSceneEdgeCases.test_scene_setup_with_custom_frame_range ___
tests/unit/test_create_explosion_test_scene.py:356: in test_scene_setup_with_custom_frame_range
    self.assertEqual(scene.frame_start, 10)
E   AssertionError: 1 != 10
----------------------------- Captured stdout call -----------------------------

üé¨ Setting up test scene...
   ‚úÖ Scene setup complete
_____ TestCreateImprovedRealisticExplosions.test_clear_existing_explosions _____
tests/unit/test_create_improved_realistic_explosions.py:119: in test_clear_existing_explosions
    create_improved_realistic_explosions.clear_existing_explosions()
scripts/create_improved_realistic_explosions.py:27: in clear_existing_explosions
    bpy.data.objects.remove(obj, do_unlink=True)
E   TypeError: list.remove() takes no keyword arguments
----------------------------- Captured stdout call -----------------------------
üóëÔ∏è  Removing old explosion objects...
___ TestCreateImprovedRealisticExplosions.test_create_enhanced_fire_material ___
tests/unit/test_create_improved_realistic_explosions.py:143: in test_create_enhanced_fire_material
    result = create_improved_realistic_explosions.create_enhanced_fire_material("test")
             ^^^^^^^^^^^^^^^^^^^^^^^^^^^^^^^^^^^^^^^^^^^^^^^^^^^^^^^^^^^^^^^^^^^^^^^^^^
scripts/create_improved_realistic_explosions.py:47: in create_enhanced_fire_material
    emission.inputs['Strength'].default_value = 25.0  # Much brighter
    ^^^^^^^^^^^^^^^^^^^^^^^^^^^
E   TypeError: 'MockNodeInputs' object is not subscriptable
__ TestCreateImprovedRealisticExplosions.test_create_enhanced_smoke_material ___
tests/unit/test_create_improved_realistic_explosions.py:168: in test_create_enhanced_smoke_material
    result = create_improved_realistic_explosions.create_enhanced_smoke_material("test")
             ^^^^^^^^^^^^^^^^^^^^^^^^^^^^^^^^^^^^^^^^^^^^^^^^^^^^^^^^^^^^^^^^^^^^^^^^^^^
scripts/create_improved_realistic_explosions.py:128: in create_enhanced_smoke_material
    volume.inputs['Density'].default_value = 0.4
    ^^^^^^^^^^^^^^^^^^^^^^^^
E   TypeError: 'MockNodeInputs' object is not subscriptable
__ TestCreateImprovedRealisticExplosions.test_create_explosion_lighting_setup __
tests/unit/test_create_improved_realistic_explosions.py:265: in test_create_explosion_lighting_setup
    mock_bpy.data.objects.new.return_value = new_light_obj
    ^^^^^^^^^^^^^^^^^^^^^^^^^
E   AttributeError: 'list' object has no attribute 'new'
__ TestCreateImprovedRealisticExplosions.test_create_improved_debris_material __
tests/unit/test_create_improved_realistic_explosions.py:188: in test_create_improved_debris_material
    result = create_improved_realistic_explosions.create_improved_debris_material("test")
             ^^^^^^^^^^^^^^^^^^^^^^^^^^^^^^^^^^^^^^^^^^^^^^^^^^^^^^^^^^^^^^^^^^^^
E   AttributeError: module 'create_improved_realistic_explosions' has no attribute 'create_improved_debris_material'
_ TestCreateImprovedRealisticExplosions.test_create_realistic_particle_system __
tests/unit/test_create_improved_realistic_explosions.py:213: in test_create_realistic_particle_system
    mock_obj.particle_systems[0].settings = mock_settings
    ^^^^^^^^^^^^^^^^^^^^^^^^^^^^
E   TypeError: 'Mock' object is not subscriptable
____ TestCreateImprovedRealisticExplosions.test_create_volume_smoke_effect _____
tests/unit/test_create_improved_realistic_explosions.py:237: in test_create_volume_smoke_effect
    result = create_improved_realistic_explosions.create_volume_smoke_effect(
             ^^^^^^^^^^^^^^^^^^^^^^^^^^^^^^^^^^^^^^^^^^^^^^^^^^^^^^^^^^^^^^^
E   AttributeError: module 'create_improved_realistic_explosions' has no attribute 'create_volume_smoke_effect'
_____ TestExplosionCreationScenarios.test_explosion_at_different_locations _____
tests/unit/test_create_improved_realistic_explosions.py:351: in test_explosion_at_different_locations
    result = create_improved_realistic_explosions.create_enhanced_explosion(
E   TypeError: create_enhanced_explosion() got an unexpected keyword argument 'scale'
__________ TestExplosionCreationScenarios.test_large_scale_explosion ___________
tests/unit/test_create_improved_realistic_explosions.py:319: in test_large_scale_explosion
    result = create_improved_realistic_explosions.create_enhanced_explosion(
E   TypeError: create_enhanced_explosion() got an unexpected keyword argument 'scale'
__________ TestExplosionCreationScenarios.test_small_scale_explosion ___________
tests/unit/test_create_improved_realistic_explosions.py:294: in test_small_scale_explosion
    result = create_improved_realistic_explosions.create_enhanced_explosion(
E   TypeError: create_enhanced_explosion() got an unexpected keyword argument 'scale'
_____ TestMaterialCreationEdgeCases.test_fire_material_with_zero_intensity _____
tests/unit/test_create_improved_realistic_explosions.py:378: in test_fire_material_with_zero_intensity
    result = create_improved_realistic_explosions.create_enhanced_fire_material("zero_test")
             ^^^^^^^^^^^^^^^^^^^^^^^^^^^^^^^^^^^^^^^^^^^^^^^^^^^^^^^^^^^^^^^^^^^^^^^^^^^^^^^
scripts/create_improved_realistic_explosions.py:47: in create_enhanced_fire_material
    emission.inputs['Strength'].default_value = 25.0  # Much brighter
    ^^^^^^^^^^^^^^^^^^^^^^^^^^^
E   TypeError: 'MockNodeInputs' object is not subscriptable
____ TestMaterialCreationEdgeCases.test_particle_system_with_extreme_counts ____
tests/unit/test_create_improved_realistic_explosions.py:422: in test_particle_system_with_extreme_counts
    mock_obj.particle_systems[0].settings = mock_settings
    ^^^^^^^^^^^^^^^^^^^^^^^^^^^^
E   TypeError: 'Mock' object is not subscriptable
____ TestMaterialCreationEdgeCases.test_smoke_material_with_extreme_density ____
tests/unit/test_create_improved_realistic_explosions.py:397: in test_smoke_material_with_extreme_density
    result_low = create_improved_realistic_explosions.create_enhanced_smoke_material("low_test")
                 ^^^^^^^^^^^^^^^^^^^^^^^^^^^^^^^^^^^^^^^^^^^^^^^^^^^^^^^^^^^^^^^^^^^^^^^^^^^^^^^
scripts/create_improved_realistic_explosions.py:128: in create_enhanced_smoke_material
    volume.inputs['Density'].default_value = 0.4
    ^^^^^^^^^^^^^^^^^^^^^^^^
E   TypeError: 'MockNodeInputs' object is not subscriptable
_________ TestCreateParticleExplosions.test_clear_existing_explosions __________
tests/unit/test_create_particle_explosions.py:128: in test_clear_existing_explosions
    result = create_particle_explosions.clear_existing_explosions()
             ^^^^^^^^^^^^^^^^^^^^^^^^^^^^^^^^^^^^^^^^^^^^^^^^^^^^^^
scripts/create_particle_explosions.py:23: in clear_existing_explosions
    bpy.data.objects.remove(obj, do_unlink=True)
E   TypeError: list.remove() takes no keyword arguments
----------------------------- Captured stdout call -----------------------------
üóëÔ∏è  Removing old simple explosion spheres...
_____ TestCreateParticleExplosions.test_create_explosion_particle_material _____
tests/unit/test_create_particle_explosions.py:179: in test_create_explosion_particle_material
    result = create_particle_explosions.create_explosion_particle_material(emitter, name)
             ^^^^^^^^^^^^^^^^^^^^^^^^^^^^^^^^^^^^^^^^^^^^^^^^^^^^^^^^^^^^^^^^^^^^^^^^^^^^
scripts/create_particle_explosions.py:106: in create_explosion_particle_material
    color_ramp.color_ramp.elements[0].color = (1.0, 0.1, 0.0, 1.0)  # Red
    ^^^^^^^^^^^^^^^^^^^^^^^^^^^^^^^^^
E   TypeError: 'Mock' object is not subscriptable
______ TestCreateParticleExplosions.test_create_explosion_particle_system ______
tests/unit/test_create_particle_explosions.py:153: in test_create_explosion_particle_system
    result = create_particle_explosions.create_explosion_particle_system(
scripts/create_particle_explosions.py:80: in create_explosion_particle_system
    create_explosion_particle_material(emitter, name)
scripts/create_particle_explosions.py:123: in create_explosion_particle_material
    emitter.data.materials.append(mat)
    ^^^^^^^^^^^^
E   AttributeError: 'MockObject' object has no attribute 'data'
----------------------------- Captured stdout call -----------------------------
   Creating particle explosion at (0, 0, 0)
_____ TestCreateParticleExplosions.test_create_particle_explosion_sequence _____
tests/unit/test_create_particle_explosions.py:201: in test_create_particle_explosion_sequence
    result = create_particle_explosions.create_particle_explosion_sequence(
             ^^^^^^^^^^^^^^^^^^^^^^^^^^^^^^^^^^^^^^^^^^^^^^^^^^^^^^^^^^^^^
E   AttributeError: module 'create_particle_explosions' has no attribute 'create_particle_explosion_sequence'
_______________ TestCreateParticleExplosions.test_module_imports _______________
tests/unit/test_create_particle_explosions.py:117: in test_module_imports
    self.assertTrue(hasattr(create_particle_explosions, 'create_particle_explosion_sequence'))
E   AssertionError: False is not true
_ TestParticleExplosionLogicPatterns.test_particle_system_configuration_logic __
tests/unit/test_create_particle_explosions.py:239: in test_particle_system_configuration_logic
    self.assertGreater(expected_value, 0)
E   AssertionError: 0.0 not greater than 0
____________ TestExplosionCreation.test_explosion_config_validation ____________
tests/unit/test_explosion_creation.py:95: in test_explosion_config_validation
    result = create_explosion_sequence(minimal_config)
             ^^^^^^^^^^^^^^^^^^^^^^^^^^^^^^^^^^^^^^^^^
scripts/explosions/create_production_explosion.py:151: in create_explosion_sequence
    fire_objects = create_fire_particles(config, materials)
                   ^^^^^^^^^^^^^^^^^^^^^^^^^^^^^^^^^^^^^^^^
scripts/explosions/create_production_explosion.py:191: in create_fire_particles
    mesh = bpy.data.meshes.new(f"Fire_Particle_{i}")
           ^^^^^^^^^^^^^^^^^^^^^^^^^^^^^^^^^^^^^^^^^
tests/mocks/mock_bpy.py:287: in meshes_new
    return self.meshes.new(name)
           ^^^^^^^^^^^^^^^^^^^^^
tests/mocks/mock_bpy.py:287: in meshes_new
    return self.meshes.new(name)
           ^^^^^^^^^^^^^^^^^^^^^
E   RecursionError: maximum recursion depth exceeded
!!! Recursion detected (same locals & position)
----------------------------- Captured stdout call -----------------------------
üí• Creating explosion: Minimal
üìç Location: (0.0, 0.0, 0.0)
‚è±Ô∏è  Duration: 1 frames
üé® Quality: medium
üîß LOD applied: 1.00 (particles reduced for distance)
___ TestExplosionCreation.test_explosion_sequence_different_quality_presets ____
tests/unit/test_explosion_creation.py:75: in test_explosion_sequence_different_quality_presets
    result = create_explosion_sequence(config)
             ^^^^^^^^^^^^^^^^^^^^^^^^^^^^^^^^^
scripts/explosions/create_production_explosion.py:151: in create_explosion_sequence
    fire_objects = create_fire_particles(config, materials)
                   ^^^^^^^^^^^^^^^^^^^^^^^^^^^^^^^^^^^^^^^^
scripts/explosions/create_production_explosion.py:191: in create_fire_particles
    mesh = bpy.data.meshes.new(f"Fire_Particle_{i}")
           ^^^^^^^^^^^^^^^^^^^^^^^^^^^^^^^^^^^^^^^^^
tests/mocks/mock_bpy.py:287: in meshes_new
    return self.meshes.new(name)
           ^^^^^^^^^^^^^^^^^^^^^
tests/mocks/mock_bpy.py:287: in meshes_new
    return self.meshes.new(name)
           ^^^^^^^^^^^^^^^^^^^^^
E   RecursionError: maximum recursion depth exceeded
!!! Recursion detected (same locals & position)
----------------------------- Captured stdout call -----------------------------
üí• Creating explosion: Test_quick
üìç Location: (0.0, 0.0, 0.0)
‚è±Ô∏è  Duration: 60 frames
üé® Quality: quick
üîß LOD applied: 1.00 (particles reduced for distance)
_______ TestExplosionCreation.test_explosion_sequence_with_custom_config _______
tests/unit/test_explosion_creation.py:64: in test_explosion_sequence_with_custom_config
    result = create_explosion_sequence(custom_config)
             ^^^^^^^^^^^^^^^^^^^^^^^^^^^^^^^^^^^^^^^^
scripts/explosions/create_production_explosion.py:151: in create_explosion_sequence
    fire_objects = create_fire_particles(config, materials)
                   ^^^^^^^^^^^^^^^^^^^^^^^^^^^^^^^^^^^^^^^^
scripts/explosions/create_production_explosion.py:191: in create_fire_particles
    mesh = bpy.data.meshes.new(f"Fire_Particle_{i}")
           ^^^^^^^^^^^^^^^^^^^^^^^^^^^^^^^^^^^^^^^^^
tests/mocks/mock_bpy.py:287: in meshes_new
    return self.meshes.new(name)
           ^^^^^^^^^^^^^^^^^^^^^
tests/mocks/mock_bpy.py:287: in meshes_new
    return self.meshes.new(name)
           ^^^^^^^^^^^^^^^^^^^^^
E   RecursionError: maximum recursion depth exceeded
!!! Recursion detected (same locals & position)
----------------------------- Captured stdout call -----------------------------
üí• Creating explosion: Custom_Test
üìç Location: (1.0, 2.0, 3.0)
‚è±Ô∏è  Duration: 120 frames
üé® Quality: medium
üîß LOD applied: 0.80 (particles reduced for distance)
___________ TestExplosionCreation.test_multiple_explosion_creations ____________
tests/unit/test_explosion_creation.py:108: in test_multiple_explosion_creations
    objects = create_explosion_sequence(config)
              ^^^^^^^^^^^^^^^^^^^^^^^^^^^^^^^^^
scripts/explosions/create_production_explosion.py:151: in create_explosion_sequence
    fire_objects = create_fire_particles(config, materials)
                   ^^^^^^^^^^^^^^^^^^^^^^^^^^^^^^^^^^^^^^^^
scripts/explosions/create_production_explosion.py:191: in create_fire_particles
    mesh = bpy.data.meshes.new(f"Fire_Particle_{i}")
           ^^^^^^^^^^^^^^^^^^^^^^^^^^^^^^^^^^^^^^^^^
tests/mocks/mock_bpy.py:287: in meshes_new
    return self.meshes.new(name)
           ^^^^^^^^^^^^^^^^^^^^^
tests/mocks/mock_bpy.py:287: in meshes_new
    return self.meshes.new(name)
           ^^^^^^^^^^^^^^^^^^^^^
E   RecursionError: maximum recursion depth exceeded
!!! Recursion detected (same locals & position)
----------------------------- Captured stdout call -----------------------------
üí• Creating explosion: Explosion_1
üìç Location: (0.0, 0.0, 0.0)
‚è±Ô∏è  Duration: 60 frames
üé® Quality: quick
üîß LOD applied: 1.00 (particles reduced for distance)
___________ TestExplosionCreationEdgeCases.test_negative_coordinates ___________
tests/unit/test_explosion_creation.py:140: in test_negative_coordinates
    result = create_explosion_sequence(negative_config)
             ^^^^^^^^^^^^^^^^^^^^^^^^^^^^^^^^^^^^^^^^^^
scripts/explosions/create_production_explosion.py:151: in create_explosion_sequence
    fire_objects = create_fire_particles(config, materials)
                   ^^^^^^^^^^^^^^^^^^^^^^^^^^^^^^^^^^^^^^^^
scripts/explosions/create_production_explosion.py:191: in create_fire_particles
    mesh = bpy.data.meshes.new(f"Fire_Particle_{i}")
           ^^^^^^^^^^^^^^^^^^^^^^^^^^^^^^^^^^^^^^^^^
tests/mocks/mock_bpy.py:287: in meshes_new
    return self.meshes.new(name)
           ^^^^^^^^^^^^^^^^^^^^^
tests/mocks/mock_bpy.py:287: in meshes_new
    return self.meshes.new(name)
           ^^^^^^^^^^^^^^^^^^^^^
E   RecursionError: maximum recursion depth exceeded
!!! Recursion detected (same locals & position)
----------------------------- Captured stdout call -----------------------------
üí• Creating explosion: Negative_Test
üìç Location: (-10.0, -20.0, -30.0)
‚è±Ô∏è  Duration: 60 frames
üé® Quality: medium
üîß LOD applied: 3.00 (particles reduced for distance)
___________ TestExplosionCreationEdgeCases.test_very_large_explosion ___________
tests/unit/test_explosion_creation.py:153: in test_very_large_explosion
    result = create_explosion_sequence(large_config)
             ^^^^^^^^^^^^^^^^^^^^^^^^^^^^^^^^^^^^^^^
scripts/explosions/create_production_explosion.py:151: in create_explosion_sequence
    fire_objects = create_fire_particles(config, materials)
                   ^^^^^^^^^^^^^^^^^^^^^^^^^^^^^^^^^^^^^^^^
scripts/explosions/create_production_explosion.py:191: in create_fire_particles
    mesh = bpy.data.meshes.new(f"Fire_Particle_{i}")
           ^^^^^^^^^^^^^^^^^^^^^^^^^^^^^^^^^^^^^^^^^
tests/mocks/mock_bpy.py:287: in meshes_new
    return self.meshes.new(name)
           ^^^^^^^^^^^^^^^^^^^^^
tests/mocks/mock_bpy.py:287: in meshes_new
    return self.meshes.new(name)
           ^^^^^^^^^^^^^^^^^^^^^
E   RecursionError: maximum recursion depth exceeded
!!! Recursion detected (same locals & position)
----------------------------- Captured stdout call -----------------------------
üí• Creating explosion: Large_Test
üìç Location: (0.0, 0.0, 0.0)
‚è±Ô∏è  Duration: 1000 frames
üé® Quality: medium
üîß LOD applied: 1.00 (particles reduced for distance)
___________ TestExplosionCreationEdgeCases.test_very_small_explosion ___________
tests/unit/test_explosion_creation.py:166: in test_very_small_explosion
    result = create_explosion_sequence(small_config)
             ^^^^^^^^^^^^^^^^^^^^^^^^^^^^^^^^^^^^^^^
scripts/explosions/create_production_explosion.py:151: in create_explosion_sequence
    fire_objects = create_fire_particles(config, materials)
                   ^^^^^^^^^^^^^^^^^^^^^^^^^^^^^^^^^^^^^^^^
scripts/explosions/create_production_explosion.py:191: in create_fire_particles
    mesh = bpy.data.meshes.new(f"Fire_Particle_{i}")
           ^^^^^^^^^^^^^^^^^^^^^^^^^^^^^^^^^^^^^^^^^
tests/mocks/mock_bpy.py:287: in meshes_new
    return self.meshes.new(name)
           ^^^^^^^^^^^^^^^^^^^^^
tests/mocks/mock_bpy.py:287: in meshes_new
    return self.meshes.new(name)
           ^^^^^^^^^^^^^^^^^^^^^
E   RecursionError: maximum recursion depth exceeded
!!! Recursion detected (same locals & position)
----------------------------- Captured stdout call -----------------------------
üí• Creating explosion: Small_Test
üìç Location: (0.0, 0.0, 0.0)
‚è±Ô∏è  Duration: 1 frames
üé® Quality: medium
üîß LOD applied: 1.00 (particles reduced for distance)
____________ TestFixExplosionRealism.test_apply_explosion_lighting _____________
tests/unit/test_fix_explosion_realism.py:245: in test_apply_explosion_lighting
    mock_bpy.data.objects.new.return_value = new_light_obj
    ^^^^^^^^^^^^^^^^^^^^^^^^^
E   AttributeError: 'list' object has no attribute 'new'
______________ TestFixExplosionRealism.test_clear_all_explosions _______________
tests/unit/test_fix_explosion_realism.py:122: in test_clear_all_explosions
    mock_bpy.data.objects.remove.assert_called()
    ^^^^^^^^^^^^^^^^^^^^^^^^^^^^^^^^^^^^^^^^^^
E   AttributeError: 'builtin_function_or_method' object has no attribute 'assert_called'
_________ TestFixExplosionRealism.test_create_advanced_particle_system _________
tests/unit/test_fix_explosion_realism.py:219: in test_create_advanced_particle_system
    mock_obj.particle_systems[0].settings = mock_settings
    ^^^^^^^^^^^^^^^^^^^^^^^^^^^^
E   TypeError: 'Mock' object is not subscriptable
_____ TestMaterialCreationEdgeCases.test_particle_system_with_zero_values ______
tests/unit/test_fix_explosion_realism.py:388: in test_particle_system_with_zero_values
    mock_obj.particle_systems[0].settings = mock_settings
    ^^^^^^^^^^^^^^^^^^^^^^^^^^^^
E   TypeError: 'Mock' object is not subscriptable
_____________ TestRenderServiceReal.test_apply_material_style_clay _____________
tests/unit/test_render_service_real.py:185: in test_apply_material_style_clay
    render_service.apply_material_style('clay')
    ^^^^^^^^^^^^^^^^^^^^^^^^^^^^^^^^^^^
E   AttributeError: module 'render_service' has no attribute 'apply_material_style'
________ TestRenderServiceReal.test_apply_material_style_photorealistic ________
tests/unit/test_render_service_real.py:168: in test_apply_material_style_photorealistic
    render_service.apply_material_style('photorealistic')
    ^^^^^^^^^^^^^^^^^^^^^^^^^^^^^^^^^^^
E   AttributeError: module 'render_service' has no attribute 'apply_material_style'
____________ TestRenderServiceReal.test_apply_quality_preset_draft _____________
tests/unit/test_render_service_real.py:132: in test_apply_quality_preset_draft
    render_service.apply_quality_preset('draft')
    ^^^^^^^^^^^^^^^^^^^^^^^^^^^^^^^^^^^
E   AttributeError: module 'render_service' has no attribute 'apply_quality_preset'
____________ TestRenderServiceReal.test_apply_quality_preset_final _____________
tests/unit/test_render_service_real.py:146: in test_apply_quality_preset_final
    render_service.apply_quality_preset('final')
    ^^^^^^^^^^^^^^^^^^^^^^^^^^^^^^^^^^^
E   AttributeError: module 'render_service' has no attribute 'apply_quality_preset'
_ TestRenderServiceReal.test_calculate_render_time_estimate_different_frame_counts _
tests/unit/test_render_service_real.py:268: in test_calculate_render_time_estimate_different_frame_counts
    estimate_small = render_service.calculate_render_time_estimate(
                     ^^^^^^^^^^^^^^^^^^^^^^^^^^^^^^^^^^^^^^^^^^^^^
E   AttributeError: module 'render_service' has no attribute 'calculate_render_time_estimate'
_ TestRenderServiceReal.test_calculate_render_time_estimate_different_presets __
tests/unit/test_render_service_real.py:241: in test_calculate_render_time_estimate_different_presets
    estimate_draft = render_service.calculate_render_time_estimate(
                     ^^^^^^^^^^^^^^^^^^^^^^^^^^^^^^^^^^^^^^^^^^^^^
E   AttributeError: module 'render_service' has no attribute 'calculate_render_time_estimate'
_______________ TestRenderServiceReal.test_main_function_exists ________________
tests/unit/test_render_service_real.py:290: in test_main_function_exists
    self.assertTrue(hasattr(render_service, 'main'))
E   AssertionError: False is not true
___________ TestRenderServiceReal.test_parse_args_with_custom_values ___________
tests/unit/test_render_service_real.py:115: in test_parse_args_with_custom_values
    args = render_service.parse_args(test_args)
           ^^^^^^^^^^^^^^^^^^^^^^^^^^^^^^^^^^^^
E   TypeError: parse_args() takes 0 positional arguments but 1 was given
_____________ TestRenderServiceReal.test_parse_args_with_defaults ______________
tests/unit/test_render_service_real.py:95: in test_parse_args_with_defaults
    args = render_service.parse_args([])
           ^^^^^^^^^^^^^^^^^^^^^^^^^^^^^
E   TypeError: parse_args() takes 0 positional arguments but 1 was given
________ TestRenderServiceReal.test_setup_output_path_with_frame_number ________
tests/unit/test_render_service_real.py:213: in test_setup_output_path_with_frame_number
    result = render_service.setup_output_path(
             ^^^^^^^^^^^^^^^^^^^^^^^^^^^^^^^^
E   AttributeError: module 'render_service' has no attribute 'setup_output_path'
_________ TestRenderServiceReal.test_setup_output_path_with_timestamp __________
tests/unit/test_render_service_real.py:196: in test_setup_output_path_with_timestamp
    result1 = render_service.setup_output_path(output_dir=str(output_dir))
              ^^^^^^^^^^^^^^^^^^^^^^^^^^^^^^^^
E   AttributeError: module 'render_service' has no attribute 'setup_output_path'
___________ TestRenderServiceReal.test_validate_frame_range_invalid ____________
tests/unit/test_render_service_real.py:231: in test_validate_frame_range_invalid
    self.assertFalse(render_service.validate_frame_range(100, 1))  # End before start
                     ^^^^^^^^^^^^^^^^^^^^^^^^^^^^^^^^^^^
E   AttributeError: module 'render_service' has no attribute 'validate_frame_range'
____________ TestRenderServiceReal.test_validate_frame_range_valid _____________
tests/unit/test_render_service_real.py:225: in test_validate_frame_range_valid
    self.assertTrue(render_service.validate_frame_range(1, 100))
                    ^^^^^^^^^^^^^^^^^^^^^^^^^^^^^^^^^^^
E   AttributeError: module 'render_service' has no attribute 'validate_frame_range'
________ TestRenderServiceEdgeCases.test_material_style_with_no_objects ________
tests/unit/test_render_service_real.py:389: in test_material_style_with_no_objects
    render_service.apply_material_style('photorealistic')
    ^^^^^^^^^^^^^^^^^^^^^^^^^^^^^^^^^^^
E   AttributeError: module 'render_service' has no attribute 'apply_material_style'
____________ TestRenderServiceEdgeCases.test_negative_frame_numbers ____________
tests/unit/test_render_service_real.py:367: in test_negative_frame_numbers
    self.assertFalse(render_service.validate_frame_range(-10, 100))
                     ^^^^^^^^^^^^^^^^^^^^^^^^^^^^^^^^^^^
E   AttributeError: module 'render_service' has no attribute 'validate_frame_range'
___________ TestRenderServiceEdgeCases.test_very_large_frame_counts ____________
tests/unit/test_render_service_real.py:373: in test_very_large_frame_counts
    estimate = render_service.calculate_render_time_estimate(
               ^^^^^^^^^^^^^^^^^^^^^^^^^^^^^^^^^^^^^^^^^^^^^
E   AttributeError: module 'render_service' has no attribute 'calculate_render_time_estimate'
__________ TestRenderServiceEdgeCases.test_zero_frame_range_handling ___________
tests/unit/test_render_service_real.py:356: in test_zero_frame_range_handling
    estimate = render_service.calculate_render_time_estimate(
               ^^^^^^^^^^^^^^^^^^^^^^^^^^^^^^^^^^^^^^^^^^^^^
E   AttributeError: module 'render_service' has no attribute 'calculate_render_time_estimate'
_________ TestGenerateReport.test_generate_report_output_file_creation _________
tests/unit/test_utility_scripts.py:46: in test_generate_report_output_file_creation
    self.assertGreater(len(report_files), 0)
E   AssertionError: 0 not greater than 0
----------------------------- Captured stdout call -----------------------------

‚úÖ Report generated: /var/folders/g0/xkf_ksy5401czl9sn5lr4mk00000gn/T/tmpuv_8803i/reports/20251007_080823_validation_report.txt
________ TestFileSizeValidationEdgeCases.test_file_size_boundary_values ________
tests/unit/test_validate_file_sizes.py:324: in test_file_size_boundary_values
    self.assertEqual(stats["large_files"], 2)
E   AssertionError: 1 != 2
----------------------------- Captured stdout call -----------------------------
üìä Checking file sizes...

_______ TestValidateJsonSchema.test_validate_json_schema_invalid_schema ________
scripts/validate_json.py:67: in validate_json_schema
    jsonschema.validate(instance=data, schema=schema)
E   TypeError: MockJsonschema.validate() got multiple values for argument 'instance'

During handling of the above exception, another exception occurred:
tests/unit/test_validate_json.py:248: in test_validate_json_schema_invalid_schema
    error = validate_json_schema(data_file, Path(self.temp_dir.name))
            ^^^^^^^^^^^^^^^^^^^^^^^^^^^^^^^^^^^^^^^^^^^^^^^^^^^^^^^^^
scripts/validate_json.py:69: in validate_json_schema
    except jsonschema.exceptions.ValidationError as e:
           ^^^^^^^^^^^^^^^^^^^^^
E   AttributeError: 'MockJsonschema' object has no attribute 'exceptions'
________ TestValidateJsonSchema.test_validate_json_schema_valid_schema _________
scripts/validate_json.py:67: in validate_json_schema
    jsonschema.validate(instance=data, schema=schema)
E   TypeError: MockJsonschema.validate() got multiple values for argument 'instance'

During handling of the above exception, another exception occurred:
tests/unit/test_validate_json.py:225: in test_validate_json_schema_valid_schema
    error = validate_json_schema(data_file, Path(self.temp_dir.name))
            ^^^^^^^^^^^^^^^^^^^^^^^^^^^^^^^^^^^^^^^^^^^^^^^^^^^^^^^^^
scripts/validate_json.py:69: in validate_json_schema
    except jsonschema.exceptions.ValidationError as e:
           ^^^^^^^^^^^^^^^^^^^^^
E   AttributeError: 'MockJsonschema' object has no attribute 'exceptions'
=========================== short test summary info ============================
FAILED tests/explosions/test_explosion_system.py::TestExplosionCreation::test_create_sequence_simulated
FAILED tests/unit/test_analyze_current_explosions.py::TestAnalyzeCurrentExplosions::test_analyze_current_explosions_function_exists
FAILED tests/unit/test_analyze_current_explosions.py::TestAnalyzeCurrentExplosions::test_module_imports
FAILED tests/unit/test_create_explosion_test_scene.py::TestCreateExplosionTestScene::test_create_explosion_objects
FAILED tests/unit/test_create_explosion_test_scene.py::TestCreateExplosionTestScene::test_create_fire_material
FAILED tests/unit/test_create_explosion_test_scene.py::TestCreateExplosionTestScene::test_create_smoke_material
FAILED tests/unit/test_create_explosion_test_scene.py::TestCreateExplosionTestScene::test_setup_scene
FAILED tests/unit/test_create_explosion_test_scene.py::TestExplosionTestSceneEdgeCases::test_explosion_objects_at_different_locations
FAILED tests/unit/test_create_explosion_test_scene.py::TestExplosionTestSceneEdgeCases::test_fire_material_with_empty_name
FAILED tests/unit/test_create_explosion_test_scene.py::TestExplosionTestSceneEdgeCases::test_scene_setup_with_custom_frame_range
FAILED tests/unit/test_create_improved_realistic_explosions.py::TestCreateImprovedRealisticExplosions::test_clear_existing_explosions
FAILED tests/unit/test_create_improved_realistic_explosions.py::TestCreateImprovedRealisticExplosions::test_create_enhanced_fire_material
FAILED tests/unit/test_create_improved_realistic_explosions.py::TestCreateImprovedRealisticExplosions::test_create_enhanced_smoke_material
FAILED tests/unit/test_create_improved_realistic_explosions.py::TestCreateImprovedRealisticExplosions::test_create_explosion_lighting_setup
FAILED tests/unit/test_create_improved_realistic_explosions.py::TestCreateImprovedRealisticExplosions::test_create_improved_debris_material
FAILED tests/unit/test_create_improved_realistic_explosions.py::TestCreateImprovedRealisticExplosions::test_create_realistic_particle_system
FAILED tests/unit/test_create_improved_realistic_explosions.py::TestCreateImprovedRealisticExplosions::test_create_volume_smoke_effect
FAILED tests/unit/test_create_improved_realistic_explosions.py::TestExplosionCreationScenarios::test_explosion_at_different_locations
FAILED tests/unit/test_create_improved_realistic_explosions.py::TestExplosionCreationScenarios::test_large_scale_explosion
FAILED tests/unit/test_create_improved_realistic_explosions.py::TestExplosionCreationScenarios::test_small_scale_explosion
FAILED tests/unit/test_create_improved_realistic_explosions.py::TestMaterialCreationEdgeCases::test_fire_material_with_zero_intensity
FAILED tests/unit/test_create_improved_realistic_explosions.py::TestMaterialCreationEdgeCases::test_particle_system_with_extreme_counts
FAILED tests/unit/test_create_improved_realistic_explosions.py::TestMaterialCreationEdgeCases::test_smoke_material_with_extreme_density
FAILED tests/unit/test_create_particle_explosions.py::TestCreateParticleExplosions::test_clear_existing_explosions
FAILED tests/unit/test_create_particle_explosions.py::TestCreateParticleExplosions::test_create_explosion_particle_material
FAILED tests/unit/test_create_particle_explosions.py::TestCreateParticleExplosions::test_create_explosion_particle_system
FAILED tests/unit/test_create_particle_explosions.py::TestCreateParticleExplosions::test_create_particle_explosion_sequence
FAILED tests/unit/test_create_particle_explosions.py::TestCreateParticleExplosions::test_module_imports
FAILED tests/unit/test_create_particle_explosions.py::TestParticleExplosionLogicPatterns::test_particle_system_configuration_logic
FAILED tests/unit/test_explosion_creation.py::TestExplosionCreation::test_explosion_config_validation
FAILED tests/unit/test_explosion_creation.py::TestExplosionCreation::test_explosion_sequence_different_quality_presets
FAILED tests/unit/test_explosion_creation.py::TestExplosionCreation::test_explosion_sequence_with_custom_config
FAILED tests/unit/test_explosion_creation.py::TestExplosionCreation::test_multiple_explosion_creations
FAILED tests/unit/test_explosion_creation.py::TestExplosionCreationEdgeCases::test_negative_coordinates
FAILED tests/unit/test_explosion_creation.py::TestExplosionCreationEdgeCases::test_very_large_explosion
FAILED tests/unit/test_explosion_creation.py::TestExplosionCreationEdgeCases::test_very_small_explosion
FAILED tests/unit/test_fix_explosion_realism.py::TestFixExplosionRealism::test_apply_explosion_lighting
FAILED tests/unit/test_fix_explosion_realism.py::TestFixExplosionRealism::test_clear_all_explosions
FAILED tests/unit/test_fix_explosion_realism.py::TestFixExplosionRealism::test_create_advanced_particle_system
FAILED tests/unit/test_fix_explosion_realism.py::TestMaterialCreationEdgeCases::test_particle_system_with_zero_values
FAILED tests/unit/test_render_service_real.py::TestRenderServiceReal::test_apply_material_style_clay
FAILED tests/unit/test_render_service_real.py::TestRenderServiceReal::test_apply_material_style_photorealistic
FAILED tests/unit/test_render_service_real.py::TestRenderServiceReal::test_apply_quality_preset_draft
FAILED tests/unit/test_render_service_real.py::TestRenderServiceReal::test_apply_quality_preset_final
FAILED tests/unit/test_render_service_real.py::TestRenderServiceReal::test_calculate_render_time_estimate_different_frame_counts
FAILED tests/unit/test_render_service_real.py::TestRenderServiceReal::test_calculate_render_time_estimate_different_presets
FAILED tests/unit/test_render_service_real.py::TestRenderServiceReal::test_main_function_exists
FAILED tests/unit/test_render_service_real.py::TestRenderServiceReal::test_parse_args_with_custom_values
FAILED tests/unit/test_render_service_real.py::TestRenderServiceReal::test_parse_args_with_defaults
FAILED tests/unit/test_render_service_real.py::TestRenderServiceReal::test_setup_output_path_with_frame_number
FAILED tests/unit/test_render_service_real.py::TestRenderServiceReal::test_setup_output_path_with_timestamp
FAILED tests/unit/test_render_service_real.py::TestRenderServiceReal::test_validate_frame_range_invalid
FAILED tests/unit/test_render_service_real.py::TestRenderServiceReal::test_validate_frame_range_valid
FAILED tests/unit/test_render_service_real.py::TestRenderServiceEdgeCases::test_material_style_with_no_objects
FAILED tests/unit/test_render_service_real.py::TestRenderServiceEdgeCases::test_negative_frame_numbers
FAILED tests/unit/test_render_service_real.py::TestRenderServiceEdgeCases::test_very_large_frame_counts
FAILED tests/unit/test_render_service_real.py::TestRenderServiceEdgeCases::test_zero_frame_range_handling
FAILED tests/unit/test_utility_scripts.py::TestGenerateReport::test_generate_report_output_file_creation
FAILED tests/unit/test_validate_file_sizes.py::TestFileSizeValidationEdgeCases::test_file_size_boundary_values
FAILED tests/unit/test_validate_json.py::TestValidateJsonSchema::test_validate_json_schema_invalid_schema
FAILED tests/unit/test_validate_json.py::TestValidateJsonSchema::test_validate_json_schema_valid_schema
================ 61 failed, 149 passed, 28 deselected in 0.77s =================
